<?xml version="1.0" encoding="UTF-8"?>
<!-- Generated by org.testng.reporters.JUnitXMLReporter -->
<testsuite hostname="OEIS-D32" name="Default test" tests="1" failures="0" timestamp="8 Sep 2016 13:39:53 GMT" time="0.012" errors="0">
  <testcase name="@BeforeSuite setUp" time="0.0" classname="MobileTest.SelendroidTest">
    <failure type="java.lang.NoClassDefFoundError" message="org/openqa/selenium/remote/HttpVerb">
      <![CDATA[java.lang.NoClassDefFoundError: org/openqa/selenium/remote/HttpVerb
	at io.selendroid.SelendroidCommandExecutor$1.<init>(SelendroidCommandExecutor.java:31)
	at io.selendroid.SelendroidCommandExecutor.<clinit>(SelendroidCommandExecutor.java:27)
	at io.selendroid.SelendroidDriver.<init>(SelendroidDriver.java:70)
	at MobileTest.SelendroidTest.setUp(SelendroidTest.java:32)
	at sun.reflect.NativeMethodAccessorImpl.invoke0(Native Method)
	at sun.reflect.NativeMethodAccessorImpl.invoke(NativeMethodAccessorImpl.java:57)
	at sun.reflect.DelegatingMethodAccessorImpl.invoke(DelegatingMethodAccessorImpl.java:43)
	at java.lang.reflect.Method.invoke(Method.java:606)
	at org.testng.internal.MethodInvocationHelper.invokeMethod(MethodInvocationHelper.java:84)
	at org.testng.internal.Invoker.invokeConfigurationMethod(Invoker.java:564)
	at org.testng.internal.Invoker.invokeConfigurations(Invoker.java:213)
	at org.testng.internal.Invoker.invokeConfigurations(Invoker.java:138)
	at org.testng.SuiteRunner.privateRun(SuiteRunner.java:277)
	at org.testng.SuiteRunner.run(SuiteRunner.java:240)
	at org.testng.SuiteRunnerWorker.runSuite(SuiteRunnerWorker.java:52)
	at org.testng.SuiteRunnerWorker.run(SuiteRunnerWorker.java:86)
	at org.testng.TestNG.runSuitesSequentially(TestNG.java:1224)
	at org.testng.TestNG.runSuitesLocally(TestNG.java:1149)
	at org.testng.TestNG.run(TestNG.java:1057)
	at org.testng.remote.RemoteTestNG.run(RemoteTestNG.java:111)
	at org.testng.remote.RemoteTestNG.initAndRun(RemoteTestNG.java:204)
	at org.testng.remote.RemoteTestNG.main(RemoteTestNG.java:175)
Caused by: java.lang.ClassNotFoundException: org.openqa.selenium.remote.HttpVerb
	at java.net.URLClassLoader$1.run(URLClassLoader.java:366)
	at java.net.URLClassLoader$1.run(URLClassLoader.java:355)
	at java.security.AccessController.doPrivileged(Native Method)
	at java.net.URLClassLoader.findClass(URLClassLoader.java:354)
	at java.lang.ClassLoader.loadClass(ClassLoader.java:425)
	at sun.misc.Launcher$AppClassLoader.loadClass(Launcher.java:308)
	at java.lang.ClassLoader.loadClass(ClassLoader.java:358)
	... 22 more
]]>
    </failure>
  </testcase> <!-- @BeforeSuite setUp -->
  <testcase name="selendroidTest" time="0.001" classname="MobileTest.SelendroidTest">
    <skipped/>
  </testcase> <!-- selendroidTest -->
</testsuite> <!-- Default test -->
