<html>
<head>
<title>TestNG:  Login Logout-IE</title>
<link href="../testng.css" rel="stylesheet" type="text/css" />
<link href="../my-testng.css" rel="stylesheet" type="text/css" />

<style type="text/css">
.log { display: none;} 
.stack-trace { display: none;} 
</style>
<script type="text/javascript">
<!--
function flip(e) {
  current = e.style.display;
  if (current == 'block') {
    e.style.display = 'none';
    return 0;
  }
  else {
    e.style.display = 'block';
    return 1;
  }
}

function toggleBox(szDivId, elem, msg1, msg2)
{
  var res = -1;  if (document.getElementById) {
    res = flip(document.getElementById(szDivId));
  }
  else if (document.all) {
    // this is the way old msie versions work
    res = flip(document.all[szDivId]);
  }
  if(elem) {
    if(res == 0) elem.innerHTML = msg1; else elem.innerHTML = msg2;
  }

}

function toggleAllBoxes() {
  if (document.getElementsByTagName) {
    d = document.getElementsByTagName('div');
    for (i = 0; i < d.length; i++) {
      if (d[i].className == 'log') {
        flip(d[i]);
      }
    }
  }
}

// -->
</script>

</head>
<body>
<h2 align='center'>Login Logout-IE</h2><table border='1' align="center">
<tr>
<td>Tests passed/Failed/Skipped:</td><td>8/1/0</td>
</tr><tr>
<td>Started on:</td><td>Thu Jan 28 11:37:16 IST 2016</td>
</tr>
<tr><td>Total time:</td><td>165 seconds (165895 ms)</td>
</tr><tr>
<td>Included groups:</td><td></td>
</tr><tr>
<td>Excluded groups:</td><td></td>
</tr>
</table><p/>
<small><i>(Hover the method name to see the test class name)</i></small><p/>
<table width='100%' border='1' class='invocation-failed'>
<tr><td colspan='4' align='center'><b>FAILED TESTS</b></td></tr>
<tr><td><b>Test method</b></td>
<td width="30%"><b>Exception</b></td>
<td width="10%"><b>Time (seconds)</b></td>
<td><b>Instance</b></td>
</tr>
<tr>
<td title='TestNG.LoginLogout.bothFieldBlank()'><b>bothFieldBlank</b><br>Test class: TestNG.LoginLogout<br>Parameters: IE<br/>
<a href="#Output-1500599204" onClick='toggleBox("Output-1500599204", this, "Show output", "Hide output");'>Show output</a>

<a href="#Output-1500599204" onClick="toggleAllBoxes();">Show all outputs</a>
<div class='log' id="Output-1500599204">
I am in IE<br/>
</div>
</td>
<td><div><pre>org.openqa.selenium.NoSuchElementException: Unable to find element with id == email-cpf (WARNING: The server did not provide any stacktrace information)
Command duration or timeout: 10.18 seconds
For documentation on this error, please visit: http://seleniumhq.org/exceptions/no_such_element.html
Build info: version: &apos;2.46.0&apos;, revision: &apos;87c69e2&apos;, time: &apos;2015-06-04 16:17:10&apos;
System info: host: &apos;OEIS-D32&apos;, ip: &apos;10.1.6.57&apos;, os.name: &apos;Windows 7&apos;, os.arch: &apos;amd64&apos;, os.version: &apos;6.1&apos;, java.version: &apos;1.7.0_60&apos;
*** Element info: {Using=id, value=email-cpf}
Session ID: 28f2b947-03ab-4a5c-8dd4-83420bd0e96c
Driver info: org.openqa.selenium.ie.InternetExplorerDriver
Capabilities [{platform=WINDOWS, javascriptEnabled=true, elementScrollBehavior=0, ignoreZoomSetting=false, enablePersistentHover=true, ie.ensureCleanSession=false, browserName=internet explorer, enableElementCacheCleanup=true, unexpectedAlertBehaviour=dismiss, version=10, pageLoadStrategy=normal, ie.usePerProcessProxy=false, cssSelectorsEnabled=true, ignoreProtectedModeSettings=false, requireWindowFocus=false, initialBrowserUrl=http://localhost:40290/, handlesAlerts=true, ie.forceCreateProcessApi=false, nativeEvents=true, browserAttachTimeout=0, ie.browserCommandLineSwitches=, takesScreenshot=true}]
	at sun.reflect.NativeConstructorAccessorImpl.newInstance0(Native Method)
	at sun.reflect.NativeConstructorAccessorImpl.newInstance(NativeConstructorAccessorImpl.java:57)
	at sun.reflect.DelegatingConstructorAccessorImpl.newInstance(DelegatingConstructorAccessorImpl.java:45)
	at java.lang.reflect.Constructor.newInstance(Constructor.java:526)
	at org.openqa.selenium.remote.ErrorHandler.createThrowable(ErrorHandler.java:204)
	at org.openqa.selenium.remote.ErrorHandler.throwIfResponseFailed(ErrorHandler.java:156)
	at org.openqa.selenium.remote.RemoteWebDriver.execute(RemoteWebDriver.java:605)
	at org.openqa.selenium.remote.RemoteWebDriver.findElement(RemoteWebDriver.java:358)
	at org.openqa.selenium.remote.RemoteWebDriver.findElementById(RemoteWebDriver.java:399)
	at org.openqa.selenium.By$ById.findElement(By.java:215)
	at org.openqa.selenium.remote.RemoteWebDriver.findElement(RemoteWebDriver.java:350)
	at TestNG.LoginLogout.bothFieldBlank(LoginLogout.java:212)
	at sun.reflect.NativeMethodAccessorImpl.invoke0(Native Method)
	at sun.reflect.NativeMethodAccessorImpl.invoke(NativeMethodAccessorImpl.java:57)
	at sun.reflect.DelegatingMethodAccessorImpl.invoke(DelegatingMethodAccessorImpl.java:43)
	at java.lang.reflect.Method.invoke(Method.java:606)
	at org.testng.internal.MethodInvocationHelper.invokeMethod(MethodInvocationHelper.java:84)
	at org.testng.internal.Invoker.invokeMethod(Invoker.java:714)
	at org.testng.internal.Invoker.invokeTestMethod(Invoker.java:901)
	at org.testng.internal.Invoker.invokeTestMethods(Invoker.java:1231)
	at org.testng.internal.TestMethodWorker.invokeTestMethods(TestMethodWorker.java:127)
	at org.testng.internal.TestMethodWorker.run(TestMethodWorker.java:111)
	at org.testng.TestRunner.privateRun(TestRunner.java:767)
	at org.testng.TestRunner.run(TestRunner.java:617)
	at org.testng.SuiteRunner.runTest(SuiteRunner.java:334)
	at org.testng.SuiteRunner.access$000(SuiteRunner.java:37)
	at org.testng.SuiteRunner$SuiteWorker.run(SuiteRunner.java:368)
	at org.testng.internal.thread.ThreadUtil$2.call(ThreadUtil.java:64)
	at java.util.concurrent.FutureTask.run(FutureTask.java:262)
	at java.util.concurrent.ThreadPoolExecutor.runWorker(ThreadPoolExecutor.java:1145)
	at java.util.concurrent.ThreadPoolExecutor$Worker.run(ThreadPoolExecutor.java:615)
	at java.lang.Thread.run(Thread.java:745)
</pre></div><a href='#' onClick='toggleBox("stack-trace1500599204", this, "Click to show all stack frames", "Click to hide stack frames")'>Click to show all stack frames</a>
<div class='stack-trace' id='stack-trace1500599204'><pre>org.openqa.selenium.NoSuchElementException: Unable to find element with id == email-cpf (WARNING: The server did not provide any stacktrace information)
Command duration or timeout: 10.18 seconds
For documentation on this error, please visit: http://seleniumhq.org/exceptions/no_such_element.html
Build info: version: &apos;2.46.0&apos;, revision: &apos;87c69e2&apos;, time: &apos;2015-06-04 16:17:10&apos;
System info: host: &apos;OEIS-D32&apos;, ip: &apos;10.1.6.57&apos;, os.name: &apos;Windows 7&apos;, os.arch: &apos;amd64&apos;, os.version: &apos;6.1&apos;, java.version: &apos;1.7.0_60&apos;
*** Element info: {Using=id, value=email-cpf}
Session ID: 28f2b947-03ab-4a5c-8dd4-83420bd0e96c
Driver info: org.openqa.selenium.ie.InternetExplorerDriver
Capabilities [{platform=WINDOWS, javascriptEnabled=true, elementScrollBehavior=0, ignoreZoomSetting=false, enablePersistentHover=true, ie.ensureCleanSession=false, browserName=internet explorer, enableElementCacheCleanup=true, unexpectedAlertBehaviour=dismiss, version=10, pageLoadStrategy=normal, ie.usePerProcessProxy=false, cssSelectorsEnabled=true, ignoreProtectedModeSettings=false, requireWindowFocus=false, initialBrowserUrl=http://localhost:40290/, handlesAlerts=true, ie.forceCreateProcessApi=false, nativeEvents=true, browserAttachTimeout=0, ie.browserCommandLineSwitches=, takesScreenshot=true}]
	at sun.reflect.NativeConstructorAccessorImpl.newInstance0(Native Method)
	at sun.reflect.NativeConstructorAccessorImpl.newInstance(NativeConstructorAccessorImpl.java:57)
	at sun.reflect.DelegatingConstructorAccessorImpl.newInstance(DelegatingConstructorAccessorImpl.java:45)
	at java.lang.reflect.Constructor.newInstance(Constructor.java:526)
	at org.openqa.selenium.remote.ErrorHandler.createThrowable(ErrorHandler.java:204)
	at org.openqa.selenium.remote.ErrorHandler.throwIfResponseFailed(ErrorHandler.java:156)
	at org.openqa.selenium.remote.RemoteWebDriver.execute(RemoteWebDriver.java:605)
	at org.openqa.selenium.remote.RemoteWebDriver.findElement(RemoteWebDriver.java:358)
	at org.openqa.selenium.remote.RemoteWebDriver.findElementById(RemoteWebDriver.java:399)
	at org.openqa.selenium.By$ById.findElement(By.java:215)
	at org.openqa.selenium.remote.RemoteWebDriver.findElement(RemoteWebDriver.java:350)
	at TestNG.LoginLogout.bothFieldBlank(LoginLogout.java:212)
	at sun.reflect.NativeMethodAccessorImpl.invoke0(Native Method)
	at sun.reflect.NativeMethodAccessorImpl.invoke(NativeMethodAccessorImpl.java:57)
	at sun.reflect.DelegatingMethodAccessorImpl.invoke(DelegatingMethodAccessorImpl.java:43)
	at java.lang.reflect.Method.invoke(Method.java:606)
	at org.testng.internal.MethodInvocationHelper.invokeMethod(MethodInvocationHelper.java:84)
	at org.testng.internal.Invoker.invokeMethod(Invoker.java:714)
	at org.testng.internal.Invoker.invokeTestMethod(Invoker.java:901)
	at org.testng.internal.Invoker.invokeTestMethods(Invoker.java:1231)
	at org.testng.internal.TestMethodWorker.invokeTestMethods(TestMethodWorker.java:127)
	at org.testng.internal.TestMethodWorker.run(TestMethodWorker.java:111)
	at org.testng.TestRunner.privateRun(TestRunner.java:767)
	at org.testng.TestRunner.run(TestRunner.java:617)
	at org.testng.SuiteRunner.runTest(SuiteRunner.java:334)
	at org.testng.SuiteRunner.access$000(SuiteRunner.java:37)
	at org.testng.SuiteRunner$SuiteWorker.run(SuiteRunner.java:368)
	at org.testng.internal.thread.ThreadUtil$2.call(ThreadUtil.java:64)
	at java.util.concurrent.FutureTask.run(FutureTask.java:262)
	at java.util.concurrent.ThreadPoolExecutor.runWorker(ThreadPoolExecutor.java:1145)
	at java.util.concurrent.ThreadPoolExecutor$Worker.run(ThreadPoolExecutor.java:615)
	at java.lang.Thread.run(Thread.java:745)
</pre></div></td>
<td>10</td>
<td>TestNG.LoginLogout@eb5a4f6</td></tr>
</table><p>
<table width='100%' border='1' class='invocation-passed'>
<tr><td colspan='4' align='center'><b>PASSED TESTS</b></td></tr>
<tr><td><b>Test method</b></td>
<td width="30%"><b>Exception</b></td>
<td width="10%"><b>Time (seconds)</b></td>
<td><b>Instance</b></td>
</tr>
<tr>
<td title='TestNG.LoginLogout.alreadyLoggedIn()'><b>alreadyLoggedIn</b><br>Test class: TestNG.LoginLogout<br>Parameters: IE<br/>
<a href="#Output-2143310357" onClick='toggleBox("Output-2143310357", this, "Show output", "Hide output");'>Show output</a>

<a href="#Output-2143310357" onClick="toggleAllBoxes();">Show all outputs</a>
<div class='log' id="Output-2143310357">
I am in IE<br/>
</div>
</td>
<td></td>
<td>0</td>
<td>TestNG.LoginLogout@eb5a4f6</td></tr>
<tr>
<td title='TestNG.LoginLogout.blankEmailID()'><b>blankEmailID</b><br>Test class: TestNG.LoginLogout<br>Parameters: IE<br/>
<a href="#Output-1195840980" onClick='toggleBox("Output-1195840980", this, "Show output", "Hide output");'>Show output</a>

<a href="#Output-1195840980" onClick="toggleAllBoxes();">Show all outputs</a>
<div class='log' id="Output-1195840980">
I am in IE<br/>
</div>
</td>
<td></td>
<td>10</td>
<td>TestNG.LoginLogout@eb5a4f6</td></tr>
<tr>
<td title='TestNG.LoginLogout.blankPassword()'><b>blankPassword</b><br>Test class: TestNG.LoginLogout<br>Parameters: IE<br/>
<a href="#Output-1553805042" onClick='toggleBox("Output-1553805042", this, "Show output", "Hide output");'>Show output</a>

<a href="#Output-1553805042" onClick="toggleAllBoxes();">Show all outputs</a>
<div class='log' id="Output-1553805042">
I am in IE<br/>
</div>
</td>
<td></td>
<td>10</td>
<td>TestNG.LoginLogout@eb5a4f6</td></tr>
<tr>
<td title='TestNG.LoginLogout.invalidEmailID()'><b>invalidEmailID</b><br>Test class: TestNG.LoginLogout<br>Parameters: IE<br/>
<a href="#Output-458765696" onClick='toggleBox("Output-458765696", this, "Show output", "Hide output");'>Show output</a>

<a href="#Output-458765696" onClick="toggleAllBoxes();">Show all outputs</a>
<div class='log' id="Output-458765696">
I am in IE<br/>
</div>
</td>
<td></td>
<td>10</td>
<td>TestNG.LoginLogout@eb5a4f6</td></tr>
<tr>
<td title='TestNG.LoginLogout.nonExistingEmailID()'><b>nonExistingEmailID</b><br>Test class: TestNG.LoginLogout<br>Parameters: IE<br/>
<a href="#Output-695650020" onClick='toggleBox("Output-695650020", this, "Show output", "Hide output");'>Show output</a>

<a href="#Output-695650020" onClick="toggleAllBoxes();">Show all outputs</a>
<div class='log' id="Output-695650020">
I am in IE<br/>
</div>
</td>
<td></td>
<td>10</td>
<td>TestNG.LoginLogout@eb5a4f6</td></tr>
<tr>
<td title='TestNG.LoginLogout.validLogin()'><b>validLogin</b><br>Test class: TestNG.LoginLogout<br>Parameters: IE<br/>
<a href="#Output-657489434" onClick='toggleBox("Output-657489434", this, "Show output", "Hide output");'>Show output</a>

<a href="#Output-657489434" onClick="toggleAllBoxes();">Show all outputs</a>
<div class='log' id="Output-657489434">
I am in IE<br/>
</div>
</td>
<td></td>
<td>10</td>
<td>TestNG.LoginLogout@eb5a4f6</td></tr>
<tr>
<td title='TestNG.LoginLogout.wrongEmailID()'><b>wrongEmailID</b><br>Test class: TestNG.LoginLogout<br>Parameters: IE<br/>
<a href="#Output-372799397" onClick='toggleBox("Output-372799397", this, "Show output", "Hide output");'>Show output</a>

<a href="#Output-372799397" onClick="toggleAllBoxes();">Show all outputs</a>
<div class='log' id="Output-372799397">
I am in IE<br/>
</div>
</td>
<td></td>
<td>0</td>
<td>TestNG.LoginLogout@eb5a4f6</td></tr>
<tr>
<td title='TestNG.LoginLogout.wrongPassword()'><b>wrongPassword</b><br>Test class: TestNG.LoginLogout<br>Parameters: IE<br/>
<a href="#Output-1759603790" onClick='toggleBox("Output-1759603790", this, "Show output", "Hide output");'>Show output</a>

<a href="#Output-1759603790" onClick="toggleAllBoxes();">Show all outputs</a>
<div class='log' id="Output-1759603790">
I am in IE<br/>
</div>
</td>
<td></td>
<td>10</td>
<td>TestNG.LoginLogout@eb5a4f6</td></tr>
</table><p>
</body>
</html>