<?xml version="1.0" encoding="UTF-8"?>
<!-- Generated by org.testng.reporters.JUnitXMLReporter -->
<testsuite hostname="OEIS-D32" name="Chrome-es_US-Login Logout" tests="5" failures="1" timestamp="24 Jan 2017 14:25:45 GMT" time="28.214" errors="0">
  <testcase name="Login" time="25.263" classname="executionEngine.LoginLogout">
    <failure type="org.openqa.selenium.NoSuchElementException" message="Unable to locate element: {&amp;quot;method&amp;quot;:&amp;quot;xpath&amp;quot;,&amp;quot;selector&amp;quot;:&amp;quot;//*[@id=&amp;apos;page-wrapper&amp;apos;]/div[2]/div/div/div/div[2]/div[1]/input&amp;quot;}
Command duration or timeout: 12 milliseconds
For documentation on this error, please visit: http://seleniumhq.org/exceptions/no_such_element.html
Build info: version: &amp;apos;unknown&amp;apos;, revision: &amp;apos;unknown&amp;apos;, time: &amp;apos;unknown&amp;apos;
System info: host: &amp;apos;OEIS-D32&amp;apos;, ip: &amp;apos;192.168.169.49&amp;apos;, os.name: &amp;apos;Windows 7&amp;apos;, os.arch: &amp;apos;amd64&amp;apos;, os.version: &amp;apos;6.1&amp;apos;, java.version: &amp;apos;1.7.0_60&amp;apos;
*** Element info: {Using=xpath, value=//*[@id=&amp;apos;page-wrapper&amp;apos;]/div[2]/div/div/div/div[2]/div[1]/input}
Session ID: fe20c604-21a5-4666-a2a2-ea6efb778f47
Driver info: org.openqa.selenium.firefox.FirefoxDriver
Capabilities [{platform=WINDOWS, acceptSslCerts=true, javascriptEnabled=true, cssSelectorsEnabled=true, databaseEnabled=true, browserName=firefox, handlesAlerts=true, nativeEvents=false, webStorageEnabled=true, rotatable=false, locationContextEnabled=true, applicationCacheEnabled=true, takesScreenshot=true, version=35.0.1}]">
      <![CDATA[org.openqa.selenium.NoSuchElementException: Unable to locate element: {"method":"xpath","selector":"//*[@id='page-wrapper']/div[2]/div/div/div/div[2]/div[1]/input"}
Command duration or timeout: 12 milliseconds
For documentation on this error, please visit: http://seleniumhq.org/exceptions/no_such_element.html
Build info: version: 'unknown', revision: 'unknown', time: 'unknown'
System info: host: 'OEIS-D32', ip: '192.168.169.49', os.name: 'Windows 7', os.arch: 'amd64', os.version: '6.1', java.version: '1.7.0_60'
*** Element info: {Using=xpath, value=//*[@id='page-wrapper']/div[2]/div/div/div/div[2]/div[1]/input}
Session ID: fe20c604-21a5-4666-a2a2-ea6efb778f47
Driver info: org.openqa.selenium.firefox.FirefoxDriver
Capabilities [{platform=WINDOWS, acceptSslCerts=true, javascriptEnabled=true, cssSelectorsEnabled=true, databaseEnabled=true, browserName=firefox, handlesAlerts=true, nativeEvents=false, webStorageEnabled=true, rotatable=false, locationContextEnabled=true, applicationCacheEnabled=true, takesScreenshot=true, version=35.0.1}]
	at org.openqa.selenium.remote.ErrorHandler.createThrowable(ErrorHandler.java:206)
	at org.openqa.selenium.remote.ErrorHandler.throwIfResponseFailed(ErrorHandler.java:158)
	at org.openqa.selenium.remote.RemoteWebDriver.execute(RemoteWebDriver.java:678)
	at org.openqa.selenium.remote.RemoteWebDriver.findElement(RemoteWebDriver.java:363)
	at org.openqa.selenium.remote.RemoteWebDriver.findElementByXPath(RemoteWebDriver.java:500)
	at org.openqa.selenium.By$ByXPath.findElement(By.java:361)
	at org.openqa.selenium.remote.RemoteWebDriver.findElement(RemoteWebDriver.java:355)
	at executionEngine.LoginLogout.Login(LoginLogout.java:84)
	at java.util.concurrent.FutureTask.run(FutureTask.java:262)
	at java.util.concurrent.ThreadPoolExecutor.runWorker(ThreadPoolExecutor.java:1145)
	at java.util.concurrent.ThreadPoolExecutor$Worker.run(ThreadPoolExecutor.java:615)
	at java.lang.Thread.run(Thread.java:745)
Caused by: org.openqa.selenium.NoSuchElementException: Unable to locate element: {"method":"xpath","selector":"//*[@id='page-wrapper']/div[2]/div/div/div/div[2]/div[1]/input"}
For documentation on this error, please visit: http://seleniumhq.org/exceptions/no_such_element.html
Build info: version: 'unknown', revision: 'unknown', time: 'unknown'
System info: host: 'OEIS-D32', ip: '192.168.169.49', os.name: 'Windows 7', os.arch: 'amd64', os.version: '6.1', java.version: '1.7.0_60'
Driver info: driver.version: unknown
	at <anonymous class>.FirefoxDriver.prototype.findElementInternal_(file:///C:/Users/ONKAR~1.NIM/AppData/Local/Temp/anonymous2455922041742289100webdriver-profile/extensions/fxdriver@googlecode.com/components/driver-component.js:10770)
	at <anonymous class>.FirefoxDriver.prototype.findElement(file:///C:/Users/ONKAR~1.NIM/AppData/Local/Temp/anonymous2455922041742289100webdriver-profile/extensions/fxdriver@googlecode.com/components/driver-component.js:10779)
	at <anonymous class>.DelayedCommand.prototype.executeInternal_/h(file:///C:/Users/ONKAR~1.NIM/AppData/Local/Temp/anonymous2455922041742289100webdriver-profile/extensions/fxdriver@googlecode.com/components/command-processor.js:12661)
	at <anonymous class>.DelayedCommand.prototype.executeInternal_(file:///C:/Users/ONKAR~1.NIM/AppData/Local/Temp/anonymous2455922041742289100webdriver-profile/extensions/fxdriver@googlecode.com/components/command-processor.js:12666)
	at <anonymous class>.DelayedCommand.prototype.execute/<(file:///C:/Users/ONKAR~1.NIM/AppData/Local/Temp/anonymous2455922041742289100webdriver-profile/extensions/fxdriver@googlecode.com/components/command-processor.js:12608)
... Removed 20 stack frames]]>
    </failure>
  </testcase> <!-- Login -->
  <testcase name="gotoCatalogPage" time="0.0" classname="executionEngine.LoginLogout">
    <skipped/>
  </testcase> <!-- gotoCatalogPage -->
  <testcase name="uploadProductFile" time="0.0" classname="executionEngine.LoginLogout">
    <skipped/>
  </testcase> <!-- uploadProductFile -->
  <testcase name="uploadSkuFile" time="0.0" classname="executionEngine.LoginLogout">
    <skipped/>
  </testcase> <!-- uploadSkuFile -->
  <testcase name="deleteSkuFromProduct" time="0.0" classname="executionEngine.LoginLogout">
    <skipped/>
  </testcase> <!-- deleteSkuFromProduct -->
</testsuite> <!-- Chrome-es_US-Login Logout -->
