<!DOCTYPE html PUBLIC "-//W3C//DTD XHTML 1.1//EN" "http://www.w3.org/TR/xhtml11/DTD/xhtml11.dtd">
<html xmlns="http://www.w3.org/1999/xhtml"><head><title>TestNG Report</title><style type="text/css">table {margin-bottom:10px;border-collapse:collapse;empty-cells:show}th,td {border:1px solid #009;padding:.25em .5em}th {vertical-align:bottom}td {vertical-align:top}table a {font-weight:bold}.stripe td {background-color: #E6EBF9}.num {text-align:right}.passedodd td {background-color: #3F3}.passedeven td {background-color: #0A0}.skippedodd td {background-color: #DDD}.skippedeven td {background-color: #CCC}.failedodd td,.attn {background-color: #F33}.failedeven td,.stripe .attn {background-color: #D00}.stacktrace {white-space:pre;font-family:monospace}.totop {font-size:85%;text-align:center;border-bottom:2px solid #000}</style></head><body><table><tr><th>Test</th><th># Passed</th><th># Skipped</th><th># Failed</th><th>Time (ms)</th><th>Included Groups</th><th>Excluded Groups</th></tr><tr><th colspan="7">Suite</th></tr><tr><td><a href="#t0">Chrome-es_US-Login Logout</a></td><td class="num">0</td><td class="num attn">4</td><td class="num attn">1</td><td class="num">28,214</td><td></td><td></td></tr></table><table><thead><tr><th>Class</th><th>Method</th><th>Start</th><th>Time (ms)</th></tr></thead><tbody><tr><th colspan="4">Suite</th></tr></tbody><tbody id="t0"><tr><th colspan="4">Chrome-es_US-Login Logout &#8212; failed</th></tr><tr class="failedeven"><td rowspan="1">executionEngine.LoginLogout</td><td><a href="#m0">Login</a></td><td rowspan="1">1485267920214</td><td rowspan="1">25263</td></tr><tr><th colspan="4">Chrome-es_US-Login Logout &#8212; skipped</th></tr><tr class="skippedeven"><td rowspan="4">executionEngine.LoginLogout</td><td><a href="#m1">deleteSkuFromProduct</a></td><td rowspan="1">1485267945624</td><td rowspan="1">0</td></tr><tr class="skippedeven"><td><a href="#m2">gotoCatalogPage</a></td><td rowspan="1">1485267945618</td><td rowspan="1">0</td></tr><tr class="skippedeven"><td><a href="#m3">uploadProductFile</a></td><td rowspan="1">1485267945620</td><td rowspan="1">0</td></tr><tr class="skippedeven"><td><a href="#m4">uploadSkuFile</a></td><td rowspan="1">1485267945622</td><td rowspan="1">0</td></tr></tbody></table><h2>Chrome-es_US-Login Logout</h2><h3 id="m0">executionEngine.LoginLogout#Login</h3><table class="result"><tr class="param"><th>Parameter #1</th></tr><tr class="param stripe"><td>Firefox</td></tr><tr><th>Exception</th></tr><tr><td><div class="stacktrace">org.openqa.selenium.NoSuchElementException: Unable to locate element: {&quot;method&quot;:&quot;xpath&quot;,&quot;selector&quot;:&quot;//*[@id=&apos;page-wrapper&apos;]/div[2]/div/div/div/div[2]/div[1]/input&quot;}
Command duration or timeout: 12 milliseconds
For documentation on this error, please visit: http://seleniumhq.org/exceptions/no_such_element.html
Build info: version: &apos;unknown&apos;, revision: &apos;unknown&apos;, time: &apos;unknown&apos;
System info: host: &apos;OEIS-D32&apos;, ip: &apos;192.168.169.49&apos;, os.name: &apos;Windows 7&apos;, os.arch: &apos;amd64&apos;, os.version: &apos;6.1&apos;, java.version: &apos;1.7.0_60&apos;
*** Element info: {Using=xpath, value=//*[@id=&apos;page-wrapper&apos;]/div[2]/div/div/div/div[2]/div[1]/input}
Session ID: fe20c604-21a5-4666-a2a2-ea6efb778f47
Driver info: org.openqa.selenium.firefox.FirefoxDriver
Capabilities [{platform=WINDOWS, acceptSslCerts=true, javascriptEnabled=true, cssSelectorsEnabled=true, databaseEnabled=true, browserName=firefox, handlesAlerts=true, nativeEvents=false, webStorageEnabled=true, rotatable=false, locationContextEnabled=true, applicationCacheEnabled=true, takesScreenshot=true, version=35.0.1}]
	at org.openqa.selenium.remote.ErrorHandler.createThrowable(ErrorHandler.java:206)
	at org.openqa.selenium.remote.ErrorHandler.throwIfResponseFailed(ErrorHandler.java:158)
	at org.openqa.selenium.remote.RemoteWebDriver.execute(RemoteWebDriver.java:678)
	at org.openqa.selenium.remote.RemoteWebDriver.findElement(RemoteWebDriver.java:363)
	at org.openqa.selenium.remote.RemoteWebDriver.findElementByXPath(RemoteWebDriver.java:500)
	at org.openqa.selenium.By$ByXPath.findElement(By.java:361)
	at org.openqa.selenium.remote.RemoteWebDriver.findElement(RemoteWebDriver.java:355)
	at executionEngine.LoginLogout.Login(LoginLogout.java:84)
	at java.util.concurrent.FutureTask.run(FutureTask.java:262)
	at java.util.concurrent.ThreadPoolExecutor.runWorker(ThreadPoolExecutor.java:1145)
	at java.util.concurrent.ThreadPoolExecutor$Worker.run(ThreadPoolExecutor.java:615)
	at java.lang.Thread.run(Thread.java:745)
Caused by: org.openqa.selenium.NoSuchElementException: Unable to locate element: {&quot;method&quot;:&quot;xpath&quot;,&quot;selector&quot;:&quot;//*[@id=&apos;page-wrapper&apos;]/div[2]/div/div/div/div[2]/div[1]/input&quot;}
For documentation on this error, please visit: http://seleniumhq.org/exceptions/no_such_element.html
Build info: version: &apos;unknown&apos;, revision: &apos;unknown&apos;, time: &apos;unknown&apos;
System info: host: &apos;OEIS-D32&apos;, ip: &apos;192.168.169.49&apos;, os.name: &apos;Windows 7&apos;, os.arch: &apos;amd64&apos;, os.version: &apos;6.1&apos;, java.version: &apos;1.7.0_60&apos;
Driver info: driver.version: unknown
	at &lt;anonymous class&gt;.FirefoxDriver.prototype.findElementInternal_(file:///C:/Users/ONKAR~1.NIM/AppData/Local/Temp/anonymous2455922041742289100webdriver-profile/extensions/fxdriver@googlecode.com/components/driver-component.js:10770)
	at &lt;anonymous class&gt;.FirefoxDriver.prototype.findElement(file:///C:/Users/ONKAR~1.NIM/AppData/Local/Temp/anonymous2455922041742289100webdriver-profile/extensions/fxdriver@googlecode.com/components/driver-component.js:10779)
	at &lt;anonymous class&gt;.DelayedCommand.prototype.executeInternal_/h(file:///C:/Users/ONKAR~1.NIM/AppData/Local/Temp/anonymous2455922041742289100webdriver-profile/extensions/fxdriver@googlecode.com/components/command-processor.js:12661)
	at &lt;anonymous class&gt;.DelayedCommand.prototype.executeInternal_(file:///C:/Users/ONKAR~1.NIM/AppData/Local/Temp/anonymous2455922041742289100webdriver-profile/extensions/fxdriver@googlecode.com/components/command-processor.js:12666)
	at &lt;anonymous class&gt;.DelayedCommand.prototype.execute/&lt;(file:///C:/Users/ONKAR~1.NIM/AppData/Local/Temp/anonymous2455922041742289100webdriver-profile/extensions/fxdriver@googlecode.com/components/command-processor.js:12608)
... Removed 20 stack frames</div></td></tr></table><p class="totop"><a href="#summary">back to summary</a></p><h3 id="m1">executionEngine.LoginLogout#deleteSkuFromProduct</h3><table class="result"><tr><th>Exception</th></tr><tr><td><div class="stacktrace">java.lang.Throwable: Method LoginLogout.deleteSkuFromProduct(java.lang.String)[pri:5, instance:executionEngine.LoginLogout@527308ce] depends on not successfully finished methods
	at java.util.concurrent.FutureTask.run(FutureTask.java:262)
	at java.util.concurrent.ThreadPoolExecutor.runWorker(ThreadPoolExecutor.java:1145)
	at java.util.concurrent.ThreadPoolExecutor$Worker.run(ThreadPoolExecutor.java:615)
	at java.lang.Thread.run(Thread.java:745)
... Removed 9 stack frames</div></td></tr></table><p class="totop"><a href="#summary">back to summary</a></p><h3 id="m2">executionEngine.LoginLogout#gotoCatalogPage</h3><table class="result"><tr><th>Exception</th></tr><tr><td><div class="stacktrace">java.lang.Throwable: Method LoginLogout.gotoCatalogPage(java.lang.String)[pri:1, instance:executionEngine.LoginLogout@527308ce] depends on not successfully finished methods
	at java.util.concurrent.FutureTask.run(FutureTask.java:262)
	at java.util.concurrent.ThreadPoolExecutor.runWorker(ThreadPoolExecutor.java:1145)
	at java.util.concurrent.ThreadPoolExecutor$Worker.run(ThreadPoolExecutor.java:615)
	at java.lang.Thread.run(Thread.java:745)
... Removed 9 stack frames</div></td></tr></table><p class="totop"><a href="#summary">back to summary</a></p><h3 id="m3">executionEngine.LoginLogout#uploadProductFile</h3><table class="result"><tr><th>Exception</th></tr><tr><td><div class="stacktrace">java.lang.Throwable: Method LoginLogout.uploadProductFile(java.lang.String)[pri:2, instance:executionEngine.LoginLogout@527308ce] depends on not successfully finished methods
	at java.util.concurrent.FutureTask.run(FutureTask.java:262)
	at java.util.concurrent.ThreadPoolExecutor.runWorker(ThreadPoolExecutor.java:1145)
	at java.util.concurrent.ThreadPoolExecutor$Worker.run(ThreadPoolExecutor.java:615)
	at java.lang.Thread.run(Thread.java:745)
... Removed 9 stack frames</div></td></tr></table><p class="totop"><a href="#summary">back to summary</a></p><h3 id="m4">executionEngine.LoginLogout#uploadSkuFile</h3><table class="result"><tr><th>Exception</th></tr><tr><td><div class="stacktrace">java.lang.Throwable: Method LoginLogout.uploadSkuFile(java.lang.String)[pri:3, instance:executionEngine.LoginLogout@527308ce] depends on not successfully finished methods
	at java.util.concurrent.FutureTask.run(FutureTask.java:262)
	at java.util.concurrent.ThreadPoolExecutor.runWorker(ThreadPoolExecutor.java:1145)
	at java.util.concurrent.ThreadPoolExecutor$Worker.run(ThreadPoolExecutor.java:615)
	at java.lang.Thread.run(Thread.java:745)
... Removed 9 stack frames</div></td></tr></table><p class="totop"><a href="#summary">back to summary</a></p></body></html>