<?xml version="1.0" encoding="UTF-8"?>
<!-- Generated by org.testng.reporters.JUnitXMLReporter -->
<testsuite hostname="OEIS-D32" name="Firefox-es_US-Login Logout" tests="6" failures="1" timestamp="24 Jan 2017 12:34:49 GMT" time="85.324" errors="0">
  <testcase name="openLoginPage" time="33.848" classname="TestNG.LoginLogout">
    <failure type="org.openqa.selenium.NoSuchElementException" message="Unable to locate element: {&amp;quot;method&amp;quot;:&amp;quot;xpath&amp;quot;,&amp;quot;selector&amp;quot;:&amp;quot;//*[@id=&amp;apos;simplePopup&amp;apos;]/div/div[3]/a[1]&amp;quot;}
Command duration or timeout: 6.92 seconds
For documentation on this error, please visit: http://seleniumhq.org/exceptions/no_such_element.html
Build info: version: &amp;apos;2.50.1&amp;apos;, revision: &amp;apos;d7fc91b&amp;apos;, time: &amp;apos;2016-01-29 19:04:49&amp;apos;
System info: host: &amp;apos;OEIS-D32&amp;apos;, ip: &amp;apos;10.1.6.247&amp;apos;, os.name: &amp;apos;Windows 7&amp;apos;, os.arch: &amp;apos;amd64&amp;apos;, os.version: &amp;apos;6.1&amp;apos;, java.version: &amp;apos;1.7.0_60&amp;apos;
*** Element info: {Using=xpath, value=//*[@id=&amp;apos;simplePopup&amp;apos;]/div/div[3]/a[1]}
Session ID: 1e4c0610-7706-49df-9e34-e05d07cf0488
Driver info: org.openqa.selenium.firefox.FirefoxDriver
Capabilities [{platform=WINDOWS, acceptSslCerts=true, javascriptEnabled=true, cssSelectorsEnabled=true, databaseEnabled=true, browserName=firefox, handlesAlerts=true, nativeEvents=false, webStorageEnabled=true, rotatable=false, locationContextEnabled=true, applicationCacheEnabled=true, takesScreenshot=true, version=35.0.1}]">
      <![CDATA[org.openqa.selenium.NoSuchElementException: Unable to locate element: {"method":"xpath","selector":"//*[@id='simplePopup']/div/div[3]/a[1]"}
Command duration or timeout: 6.92 seconds
For documentation on this error, please visit: http://seleniumhq.org/exceptions/no_such_element.html
Build info: version: '2.50.1', revision: 'd7fc91b', time: '2016-01-29 19:04:49'
System info: host: 'OEIS-D32', ip: '10.1.6.247', os.name: 'Windows 7', os.arch: 'amd64', os.version: '6.1', java.version: '1.7.0_60'
*** Element info: {Using=xpath, value=//*[@id='simplePopup']/div/div[3]/a[1]}
Session ID: 1e4c0610-7706-49df-9e34-e05d07cf0488
Driver info: org.openqa.selenium.firefox.FirefoxDriver
Capabilities [{platform=WINDOWS, acceptSslCerts=true, javascriptEnabled=true, cssSelectorsEnabled=true, databaseEnabled=true, browserName=firefox, handlesAlerts=true, nativeEvents=false, webStorageEnabled=true, rotatable=false, locationContextEnabled=true, applicationCacheEnabled=true, takesScreenshot=true, version=35.0.1}]
	at org.openqa.selenium.remote.ErrorHandler.createThrowable(ErrorHandler.java:206)
	at org.openqa.selenium.remote.ErrorHandler.throwIfResponseFailed(ErrorHandler.java:158)
	at org.openqa.selenium.remote.RemoteWebDriver.execute(RemoteWebDriver.java:678)
	at org.openqa.selenium.remote.RemoteWebDriver.findElement(RemoteWebDriver.java:363)
	at org.openqa.selenium.remote.RemoteWebDriver.findElementByXPath(RemoteWebDriver.java:500)
	at org.openqa.selenium.By$ByXPath.findElement(By.java:361)
	at org.openqa.selenium.remote.RemoteWebDriver.findElement(RemoteWebDriver.java:355)
	at Pages.LocalPopupPage.acceptlocalPopup(LocalPopupPage.java:21)
	at Pages.LoginPage.openLoginPageWithLocal(LoginPage.java:25)
	at TestNG.LoginLogout.openLoginPage(LoginLogout.java:86)
	at java.util.concurrent.FutureTask.run(FutureTask.java:262)
	at java.util.concurrent.ThreadPoolExecutor.runWorker(ThreadPoolExecutor.java:1145)
	at java.util.concurrent.ThreadPoolExecutor$Worker.run(ThreadPoolExecutor.java:615)
	at java.lang.Thread.run(Thread.java:745)
Caused by: org.openqa.selenium.NoSuchElementException: Unable to locate element: {"method":"xpath","selector":"//*[@id='simplePopup']/div/div[3]/a[1]"}
For documentation on this error, please visit: http://seleniumhq.org/exceptions/no_such_element.html
Build info: version: '2.50.1', revision: 'd7fc91b', time: '2016-01-29 19:04:49'
System info: host: 'OEIS-D32', ip: '10.1.6.247', os.name: 'Windows 7', os.arch: 'amd64', os.version: '6.1', java.version: '1.7.0_60'
Driver info: driver.version: unknown
	at <anonymous class>.FirefoxDriver.prototype.findElementInternal_(file:///C:/Users/ONKAR~1.NIM/AppData/Local/Temp/anonymous4200863240414086964webdriver-profile/extensions/fxdriver@googlecode.com/components/driver-component.js:10719)
	at <anonymous class>.FirefoxDriver.prototype.findElement(file:///C:/Users/ONKAR~1.NIM/AppData/Local/Temp/anonymous4200863240414086964webdriver-profile/extensions/fxdriver@googlecode.com/components/driver-component.js:10728)
	at <anonymous class>.DelayedCommand.prototype.executeInternal_/h(file:///C:/Users/ONKAR~1.NIM/AppData/Local/Temp/anonymous4200863240414086964webdriver-profile/extensions/fxdriver@googlecode.com/components/command-processor.js:12595)
	at <anonymous class>.DelayedCommand.prototype.executeInternal_(file:///C:/Users/ONKAR~1.NIM/AppData/Local/Temp/anonymous4200863240414086964webdriver-profile/extensions/fxdriver@googlecode.com/components/command-processor.js:12600)
	at <anonymous class>.DelayedCommand.prototype.execute/<(file:///C:/Users/ONKAR~1.NIM/AppData/Local/Temp/anonymous4200863240414086964webdriver-profile/extensions/fxdriver@googlecode.com/components/command-processor.js:12542)
... Removed 20 stack frames]]>
    </failure>
  </testcase> <!-- openLoginPage -->
  <testcase name="blankUserName" time="13.084" classname="TestNG.LoginLogout"/>
  <testcase name="blankPassword" time="4.628" classname="TestNG.LoginLogout"/>
  <testcase name="blankBothEmailPassword" time="4.662" classname="TestNG.LoginLogout"/>
  <testcase name="validUserlogin" time="20.647" classname="TestNG.LoginLogout"/>
  <testcase name="Logout" time="4.999" classname="TestNG.LoginLogout"/>
</testsuite> <!-- Firefox-es_US-Login Logout -->
